Netgen 1.5.191 compiled on Thu Jul  1 09:42:39 UTC 2021
Warning: netgen command 'format' use fully-qualified name '::netgen::format'
Warning: netgen command 'global' use fully-qualified name '::netgen::global'
Generating JSON file result
Reading netlist file /project/openlane/user_proj_example/runs/user_proj_example/results/magic/user_proj_example.spice
Reading netlist file /project/openlane/user_proj_example/runs/user_proj_example/results/lvs/user_proj_example.lvs.powered.v
Warning:  A case-insensitive file has been read and so the	verilog file must be treated case-insensitive to match.
Creating placeholder cell definition for module sky130_fd_sc_hd__diode_2.
Creating placeholder cell definition for module sky130_fd_sc_hd__decap_3.
Creating placeholder cell definition for module sky130_fd_sc_hd__decap_12.
Creating placeholder cell definition for module sky130_fd_sc_hd__fill_1.
Creating placeholder cell definition for module sky130_fd_sc_hd__decap_6.
Creating placeholder cell definition for module sky130_fd_sc_hd__decap_4.
Creating placeholder cell definition for module sky130_fd_sc_hd__decap_8.
Creating placeholder cell definition for module sky130_fd_sc_hd__fill_2.
Creating placeholder cell definition for module sky130_fd_sc_hd__tapvpwrvgnd_1.
Creating placeholder cell definition for module sky130_fd_sc_hd__or2_1.
Creating placeholder cell definition for module sky130_fd_sc_hd__inv_2.
Creating placeholder cell definition for module sky130_fd_sc_hd__nor2_1.
Creating placeholder cell definition for module sky130_fd_sc_hd__and3_1.
Creating placeholder cell definition for module sky130_fd_sc_hd__or4b_4.
Creating placeholder cell definition for module sky130_fd_sc_hd__clkbuf_4.
Creating placeholder cell definition for module sky130_fd_sc_hd__dlymetal6s2s_1.
Creating placeholder cell definition for module sky130_fd_sc_hd__clkbuf_2.
Creating placeholder cell definition for module sky130_fd_sc_hd__buf_6.
Creating placeholder cell definition for module sky130_fd_sc_hd__or2_2.
Creating placeholder cell definition for module sky130_fd_sc_hd__inv_6.
Creating placeholder cell definition for module sky130_fd_sc_hd__or4_1.
Creating placeholder cell definition for module sky130_fd_sc_hd__or3b_1.
Creating placeholder cell definition for module sky130_fd_sc_hd__clkbuf_8.
Creating placeholder cell definition for module sky130_fd_sc_hd__a21o_1.
Creating placeholder cell definition for module sky130_fd_sc_hd__or3_2.
Creating placeholder cell definition for module sky130_fd_sc_hd__o21ai_1.
Creating placeholder cell definition for module sky130_fd_sc_hd__o22a_1.
Creating placeholder cell definition for module sky130_fd_sc_hd__a22o_1.
Creating placeholder cell definition for module sky130_fd_sc_hd__or3_1.
Creating placeholder cell definition for module sky130_fd_sc_hd__a21oi_1.
Creating placeholder cell definition for module sky130_fd_sc_hd__o21ai_2.
Creating placeholder cell definition for module sky130_fd_sc_hd__clkbuf_1.
Creating placeholder cell definition for module sky130_fd_sc_hd__o32a_1.
Creating placeholder cell definition for module sky130_fd_sc_hd__buf_1.
Creating placeholder cell definition for module sky130_fd_sc_hd__conb_1.
Note:  Implicit pin HI in instance _315_ of sky130_fd_sc_hd__conb_1 in cell user_proj_example
Note:  Implicit pin LO in instance _314_ of sky130_fd_sc_hd__conb_1 in cell user_proj_example
Note:  Implicit pin HI in instance _316_ of sky130_fd_sc_hd__conb_1 in cell user_proj_example
Note:  Implicit pin HI in instance _317_ of sky130_fd_sc_hd__conb_1 in cell user_proj_example
Note:  Implicit pin HI in instance _318_ of sky130_fd_sc_hd__conb_1 in cell user_proj_example
Note:  Implicit pin HI in instance _319_ of sky130_fd_sc_hd__conb_1 in cell user_proj_example
Note:  Implicit pin HI in instance _320_ of sky130_fd_sc_hd__conb_1 in cell user_proj_example
Note:  Implicit pin HI in instance _321_ of sky130_fd_sc_hd__conb_1 in cell user_proj_example
Note:  Implicit pin HI in instance _322_ of sky130_fd_sc_hd__conb_1 in cell user_proj_example
Note:  Implicit pin HI in instance _323_ of sky130_fd_sc_hd__conb_1 in cell user_proj_example
Note:  Implicit pin HI in instance _324_ of sky130_fd_sc_hd__conb_1 in cell user_proj_example
Note:  Implicit pin HI in instance _325_ of sky130_fd_sc_hd__conb_1 in cell user_proj_example
Note:  Implicit pin HI in instance _326_ of sky130_fd_sc_hd__conb_1 in cell user_proj_example
Note:  Implicit pin HI in instance _327_ of sky130_fd_sc_hd__conb_1 in cell user_proj_example
Note:  Implicit pin HI in instance _328_ of sky130_fd_sc_hd__conb_1 in cell user_proj_example
Note:  Implicit pin HI in instance _329_ of sky130_fd_sc_hd__conb_1 in cell user_proj_example
Note:  Implicit pin HI in instance _330_ of sky130_fd_sc_hd__conb_1 in cell user_proj_example
Note:  Implicit pin HI in instance _331_ of sky130_fd_sc_hd__conb_1 in cell user_proj_example
Note:  Implicit pin HI in instance _332_ of sky130_fd_sc_hd__conb_1 in cell user_proj_example
Note:  Implicit pin HI in instance _333_ of sky130_fd_sc_hd__conb_1 in cell user_proj_example
Note:  Implicit pin HI in instance _334_ of sky130_fd_sc_hd__conb_1 in cell user_proj_example
Note:  Implicit pin HI in instance _335_ of sky130_fd_sc_hd__conb_1 in cell user_proj_example
Note:  Implicit pin HI in instance _336_ of sky130_fd_sc_hd__conb_1 in cell user_proj_example
Note:  Implicit pin HI in instance _337_ of sky130_fd_sc_hd__conb_1 in cell user_proj_example
Note:  Implicit pin HI in instance _338_ of sky130_fd_sc_hd__conb_1 in cell user_proj_example
Note:  Implicit pin HI in instance _339_ of sky130_fd_sc_hd__conb_1 in cell user_proj_example
Note:  Implicit pin HI in instance _340_ of sky130_fd_sc_hd__conb_1 in cell user_proj_example
Note:  Implicit pin HI in instance _341_ of sky130_fd_sc_hd__conb_1 in cell user_proj_example
Note:  Implicit pin HI in instance _342_ of sky130_fd_sc_hd__conb_1 in cell user_proj_example
Note:  Implicit pin HI in instance _343_ of sky130_fd_sc_hd__conb_1 in cell user_proj_example
Note:  Implicit pin HI in instance _344_ of sky130_fd_sc_hd__conb_1 in cell user_proj_example
Note:  Implicit pin HI in instance _345_ of sky130_fd_sc_hd__conb_1 in cell user_proj_example
Note:  Implicit pin HI in instance _346_ of sky130_fd_sc_hd__conb_1 in cell user_proj_example
Note:  Implicit pin HI in instance _347_ of sky130_fd_sc_hd__conb_1 in cell user_proj_example
Note:  Implicit pin HI in instance _348_ of sky130_fd_sc_hd__conb_1 in cell user_proj_example
Note:  Implicit pin HI in instance _349_ of sky130_fd_sc_hd__conb_1 in cell user_proj_example
Note:  Implicit pin HI in instance _350_ of sky130_fd_sc_hd__conb_1 in cell user_proj_example
Note:  Implicit pin HI in instance _351_ of sky130_fd_sc_hd__conb_1 in cell user_proj_example
Note:  Implicit pin HI in instance _352_ of sky130_fd_sc_hd__conb_1 in cell user_proj_example
Note:  Implicit pin HI in instance _353_ of sky130_fd_sc_hd__conb_1 in cell user_proj_example
Note:  Implicit pin HI in instance _354_ of sky130_fd_sc_hd__conb_1 in cell user_proj_example
Note:  Implicit pin HI in instance _355_ of sky130_fd_sc_hd__conb_1 in cell user_proj_example
Note:  Implicit pin HI in instance _356_ of sky130_fd_sc_hd__conb_1 in cell user_proj_example
Note:  Implicit pin HI in instance _357_ of sky130_fd_sc_hd__conb_1 in cell user_proj_example
Note:  Implicit pin HI in instance _358_ of sky130_fd_sc_hd__conb_1 in cell user_proj_example
Note:  Implicit pin HI in instance _359_ of sky130_fd_sc_hd__conb_1 in cell user_proj_example
Note:  Implicit pin HI in instance _360_ of sky130_fd_sc_hd__conb_1 in cell user_proj_example
Note:  Implicit pin HI in instance _361_ of sky130_fd_sc_hd__conb_1 in cell user_proj_example
Note:  Implicit pin HI in instance _362_ of sky130_fd_sc_hd__conb_1 in cell user_proj_example
Note:  Implicit pin HI in instance _363_ of sky130_fd_sc_hd__conb_1 in cell user_proj_example
Note:  Implicit pin HI in instance _364_ of sky130_fd_sc_hd__conb_1 in cell user_proj_example
Note:  Implicit pin HI in instance _365_ of sky130_fd_sc_hd__conb_1 in cell user_proj_example
Note:  Implicit pin HI in instance _366_ of sky130_fd_sc_hd__conb_1 in cell user_proj_example
Note:  Implicit pin HI in instance _367_ of sky130_fd_sc_hd__conb_1 in cell user_proj_example
Note:  Implicit pin HI in instance _368_ of sky130_fd_sc_hd__conb_1 in cell user_proj_example
Note:  Implicit pin HI in instance _369_ of sky130_fd_sc_hd__conb_1 in cell user_proj_example
Note:  Implicit pin HI in instance _370_ of sky130_fd_sc_hd__conb_1 in cell user_proj_example
Note:  Implicit pin HI in instance _371_ of sky130_fd_sc_hd__conb_1 in cell user_proj_example
Note:  Implicit pin HI in instance _372_ of sky130_fd_sc_hd__conb_1 in cell user_proj_example
Note:  Implicit pin HI in instance _373_ of sky130_fd_sc_hd__conb_1 in cell user_proj_example
Note:  Implicit pin HI in instance _374_ of sky130_fd_sc_hd__conb_1 in cell user_proj_example
Note:  Implicit pin HI in instance _375_ of sky130_fd_sc_hd__conb_1 in cell user_proj_example
Note:  Implicit pin HI in instance _376_ of sky130_fd_sc_hd__conb_1 in cell user_proj_example
Note:  Implicit pin HI in instance _377_ of sky130_fd_sc_hd__conb_1 in cell user_proj_example
Note:  Implicit pin HI in instance _378_ of sky130_fd_sc_hd__conb_1 in cell user_proj_example
Note:  Implicit pin HI in instance _379_ of sky130_fd_sc_hd__conb_1 in cell user_proj_example
Note:  Implicit pin HI in instance _380_ of sky130_fd_sc_hd__conb_1 in cell user_proj_example
Note:  Implicit pin HI in instance _381_ of sky130_fd_sc_hd__conb_1 in cell user_proj_example
Note:  Implicit pin HI in instance _382_ of sky130_fd_sc_hd__conb_1 in cell user_proj_example
Note:  Implicit pin HI in instance _383_ of sky130_fd_sc_hd__conb_1 in cell user_proj_example
Note:  Implicit pin HI in instance _384_ of sky130_fd_sc_hd__conb_1 in cell user_proj_example
Note:  Implicit pin HI in instance _385_ of sky130_fd_sc_hd__conb_1 in cell user_proj_example
Note:  Implicit pin HI in instance _386_ of sky130_fd_sc_hd__conb_1 in cell user_proj_example
Note:  Implicit pin HI in instance _387_ of sky130_fd_sc_hd__conb_1 in cell user_proj_example
Note:  Implicit pin HI in instance _388_ of sky130_fd_sc_hd__conb_1 in cell user_proj_example
Note:  Implicit pin HI in instance _389_ of sky130_fd_sc_hd__conb_1 in cell user_proj_example
Note:  Implicit pin HI in instance _390_ of sky130_fd_sc_hd__conb_1 in cell user_proj_example
Note:  Implicit pin HI in instance _391_ of sky130_fd_sc_hd__conb_1 in cell user_proj_example
Note:  Implicit pin HI in instance _392_ of sky130_fd_sc_hd__conb_1 in cell user_proj_example
Note:  Implicit pin HI in instance _393_ of sky130_fd_sc_hd__conb_1 in cell user_proj_example
Note:  Implicit pin HI in instance _394_ of sky130_fd_sc_hd__conb_1 in cell user_proj_example
Note:  Implicit pin HI in instance _395_ of sky130_fd_sc_hd__conb_1 in cell user_proj_example
Note:  Implicit pin HI in instance _396_ of sky130_fd_sc_hd__conb_1 in cell user_proj_example
Note:  Implicit pin HI in instance _397_ of sky130_fd_sc_hd__conb_1 in cell user_proj_example
Note:  Implicit pin HI in instance _398_ of sky130_fd_sc_hd__conb_1 in cell user_proj_example
Note:  Implicit pin HI in instance _399_ of sky130_fd_sc_hd__conb_1 in cell user_proj_example
Note:  Implicit pin HI in instance _400_ of sky130_fd_sc_hd__conb_1 in cell user_proj_example
Note:  Implicit pin HI in instance _401_ of sky130_fd_sc_hd__conb_1 in cell user_proj_example
Note:  Implicit pin HI in instance _402_ of sky130_fd_sc_hd__conb_1 in cell user_proj_example
Note:  Implicit pin HI in instance _403_ of sky130_fd_sc_hd__conb_1 in cell user_proj_example
Note:  Implicit pin HI in instance _404_ of sky130_fd_sc_hd__conb_1 in cell user_proj_example
Note:  Implicit pin HI in instance _405_ of sky130_fd_sc_hd__conb_1 in cell user_proj_example
Note:  Implicit pin HI in instance _406_ of sky130_fd_sc_hd__conb_1 in cell user_proj_example
Note:  Implicit pin HI in instance _407_ of sky130_fd_sc_hd__conb_1 in cell user_proj_example
Note:  Implicit pin HI in instance _408_ of sky130_fd_sc_hd__conb_1 in cell user_proj_example
Note:  Implicit pin HI in instance _409_ of sky130_fd_sc_hd__conb_1 in cell user_proj_example
Note:  Implicit pin HI in instance _410_ of sky130_fd_sc_hd__conb_1 in cell user_proj_example
Note:  Implicit pin HI in instance _411_ of sky130_fd_sc_hd__conb_1 in cell user_proj_example
Note:  Implicit pin HI in instance _412_ of sky130_fd_sc_hd__conb_1 in cell user_proj_example
Note:  Implicit pin HI in instance _413_ of sky130_fd_sc_hd__conb_1 in cell user_proj_example
Note:  Implicit pin HI in instance _414_ of sky130_fd_sc_hd__conb_1 in cell user_proj_example
Note:  Implicit pin HI in instance _415_ of sky130_fd_sc_hd__conb_1 in cell user_proj_example
Note:  Implicit pin HI in instance _416_ of sky130_fd_sc_hd__conb_1 in cell user_proj_example
Note:  Implicit pin HI in instance _417_ of sky130_fd_sc_hd__conb_1 in cell user_proj_example
Note:  Implicit pin HI in instance _418_ of sky130_fd_sc_hd__conb_1 in cell user_proj_example
Note:  Implicit pin HI in instance _419_ of sky130_fd_sc_hd__conb_1 in cell user_proj_example
Note:  Implicit pin HI in instance _420_ of sky130_fd_sc_hd__conb_1 in cell user_proj_example
Note:  Implicit pin HI in instance _421_ of sky130_fd_sc_hd__conb_1 in cell user_proj_example
Note:  Implicit pin HI in instance _422_ of sky130_fd_sc_hd__conb_1 in cell user_proj_example
Note:  Implicit pin HI in instance _423_ of sky130_fd_sc_hd__conb_1 in cell user_proj_example
Note:  Implicit pin HI in instance _424_ of sky130_fd_sc_hd__conb_1 in cell user_proj_example
Note:  Implicit pin HI in instance _425_ of sky130_fd_sc_hd__conb_1 in cell user_proj_example
Note:  Implicit pin HI in instance _426_ of sky130_fd_sc_hd__conb_1 in cell user_proj_example
Note:  Implicit pin HI in instance _427_ of sky130_fd_sc_hd__conb_1 in cell user_proj_example
Note:  Implicit pin HI in instance _428_ of sky130_fd_sc_hd__conb_1 in cell user_proj_example
Note:  Implicit pin HI in instance _429_ of sky130_fd_sc_hd__conb_1 in cell user_proj_example
Note:  Implicit pin HI in instance _430_ of sky130_fd_sc_hd__conb_1 in cell user_proj_example
Note:  Implicit pin HI in instance _431_ of sky130_fd_sc_hd__conb_1 in cell user_proj_example
Note:  Implicit pin HI in instance _432_ of sky130_fd_sc_hd__conb_1 in cell user_proj_example
Note:  Implicit pin HI in instance _433_ of sky130_fd_sc_hd__conb_1 in cell user_proj_example
Note:  Implicit pin HI in instance _434_ of sky130_fd_sc_hd__conb_1 in cell user_proj_example
Note:  Implicit pin HI in instance _435_ of sky130_fd_sc_hd__conb_1 in cell user_proj_example
Note:  Implicit pin HI in instance _436_ of sky130_fd_sc_hd__conb_1 in cell user_proj_example
Note:  Implicit pin HI in instance _437_ of sky130_fd_sc_hd__conb_1 in cell user_proj_example
Note:  Implicit pin HI in instance _438_ of sky130_fd_sc_hd__conb_1 in cell user_proj_example
Note:  Implicit pin HI in instance _439_ of sky130_fd_sc_hd__conb_1 in cell user_proj_example
Note:  Implicit pin HI in instance _440_ of sky130_fd_sc_hd__conb_1 in cell user_proj_example
Note:  Implicit pin HI in instance _441_ of sky130_fd_sc_hd__conb_1 in cell user_proj_example
Note:  Implicit pin HI in instance _442_ of sky130_fd_sc_hd__conb_1 in cell user_proj_example
Note:  Implicit pin HI in instance _443_ of sky130_fd_sc_hd__conb_1 in cell user_proj_example
Note:  Implicit pin HI in instance _444_ of sky130_fd_sc_hd__conb_1 in cell user_proj_example
Note:  Implicit pin HI in instance _445_ of sky130_fd_sc_hd__conb_1 in cell user_proj_example
Note:  Implicit pin HI in instance _446_ of sky130_fd_sc_hd__conb_1 in cell user_proj_example
Note:  Implicit pin HI in instance _447_ of sky130_fd_sc_hd__conb_1 in cell user_proj_example
Note:  Implicit pin HI in instance _448_ of sky130_fd_sc_hd__conb_1 in cell user_proj_example
Note:  Implicit pin HI in instance _449_ of sky130_fd_sc_hd__conb_1 in cell user_proj_example
Note:  Implicit pin HI in instance _450_ of sky130_fd_sc_hd__conb_1 in cell user_proj_example
Note:  Implicit pin HI in instance _451_ of sky130_fd_sc_hd__conb_1 in cell user_proj_example
Note:  Implicit pin HI in instance _452_ of sky130_fd_sc_hd__conb_1 in cell user_proj_example
Note:  Implicit pin HI in instance _453_ of sky130_fd_sc_hd__conb_1 in cell user_proj_example
Note:  Implicit pin HI in instance _454_ of sky130_fd_sc_hd__conb_1 in cell user_proj_example
Note:  Implicit pin HI in instance _455_ of sky130_fd_sc_hd__conb_1 in cell user_proj_example
Note:  Implicit pin HI in instance _456_ of sky130_fd_sc_hd__conb_1 in cell user_proj_example
Note:  Implicit pin HI in instance _457_ of sky130_fd_sc_hd__conb_1 in cell user_proj_example
Note:  Implicit pin HI in instance _458_ of sky130_fd_sc_hd__conb_1 in cell user_proj_example
Note:  Implicit pin HI in instance _459_ of sky130_fd_sc_hd__conb_1 in cell user_proj_example
Note:  Implicit pin HI in instance _460_ of sky130_fd_sc_hd__conb_1 in cell user_proj_example
Note:  Implicit pin HI in instance _461_ of sky130_fd_sc_hd__conb_1 in cell user_proj_example
Note:  Implicit pin HI in instance _462_ of sky130_fd_sc_hd__conb_1 in cell user_proj_example
Note:  Implicit pin HI in instance _463_ of sky130_fd_sc_hd__conb_1 in cell user_proj_example
Note:  Implicit pin HI in instance _464_ of sky130_fd_sc_hd__conb_1 in cell user_proj_example
Note:  Implicit pin HI in instance _465_ of sky130_fd_sc_hd__conb_1 in cell user_proj_example
Note:  Implicit pin HI in instance _466_ of sky130_fd_sc_hd__conb_1 in cell user_proj_example
Note:  Implicit pin HI in instance _467_ of sky130_fd_sc_hd__conb_1 in cell user_proj_example
Note:  Implicit pin HI in instance _468_ of sky130_fd_sc_hd__conb_1 in cell user_proj_example
Note:  Implicit pin HI in instance _469_ of sky130_fd_sc_hd__conb_1 in cell user_proj_example
Note:  Implicit pin HI in instance _470_ of sky130_fd_sc_hd__conb_1 in cell user_proj_example
Note:  Implicit pin HI in instance _471_ of sky130_fd_sc_hd__conb_1 in cell user_proj_example
Note:  Implicit pin HI in instance _472_ of sky130_fd_sc_hd__conb_1 in cell user_proj_example
Note:  Implicit pin HI in instance _473_ of sky130_fd_sc_hd__conb_1 in cell user_proj_example
Note:  Implicit pin HI in instance _474_ of sky130_fd_sc_hd__conb_1 in cell user_proj_example
Note:  Implicit pin HI in instance _475_ of sky130_fd_sc_hd__conb_1 in cell user_proj_example
Note:  Implicit pin HI in instance _476_ of sky130_fd_sc_hd__conb_1 in cell user_proj_example
Note:  Implicit pin HI in instance _477_ of sky130_fd_sc_hd__conb_1 in cell user_proj_example
Note:  Implicit pin HI in instance _478_ of sky130_fd_sc_hd__conb_1 in cell user_proj_example
Note:  Implicit pin HI in instance _479_ of sky130_fd_sc_hd__conb_1 in cell user_proj_example
Note:  Implicit pin HI in instance _480_ of sky130_fd_sc_hd__conb_1 in cell user_proj_example
Note:  Implicit pin HI in instance _481_ of sky130_fd_sc_hd__conb_1 in cell user_proj_example
Note:  Implicit pin HI in instance _482_ of sky130_fd_sc_hd__conb_1 in cell user_proj_example
Note:  Implicit pin HI in instance _483_ of sky130_fd_sc_hd__conb_1 in cell user_proj_example
Note:  Implicit pin HI in instance _484_ of sky130_fd_sc_hd__conb_1 in cell user_proj_example
Note:  Implicit pin HI in instance _485_ of sky130_fd_sc_hd__conb_1 in cell user_proj_example
Note:  Implicit pin HI in instance _486_ of sky130_fd_sc_hd__conb_1 in cell user_proj_example
Note:  Implicit pin HI in instance _487_ of sky130_fd_sc_hd__conb_1 in cell user_proj_example
Note:  Implicit pin HI in instance _488_ of sky130_fd_sc_hd__conb_1 in cell user_proj_example
Note:  Implicit pin HI in instance _489_ of sky130_fd_sc_hd__conb_1 in cell user_proj_example
Note:  Implicit pin HI in instance _490_ of sky130_fd_sc_hd__conb_1 in cell user_proj_example
Note:  Implicit pin HI in instance _491_ of sky130_fd_sc_hd__conb_1 in cell user_proj_example
Note:  Implicit pin HI in instance _492_ of sky130_fd_sc_hd__conb_1 in cell user_proj_example
Note:  Implicit pin HI in instance _493_ of sky130_fd_sc_hd__conb_1 in cell user_proj_example
Note:  Implicit pin HI in instance _494_ of sky130_fd_sc_hd__conb_1 in cell user_proj_example
Note:  Implicit pin HI in instance _495_ of sky130_fd_sc_hd__conb_1 in cell user_proj_example
Note:  Implicit pin HI in instance _496_ of sky130_fd_sc_hd__conb_1 in cell user_proj_example
Note:  Implicit pin HI in instance _497_ of sky130_fd_sc_hd__conb_1 in cell user_proj_example
Note:  Implicit pin HI in instance _498_ of sky130_fd_sc_hd__conb_1 in cell user_proj_example
Note:  Implicit pin HI in instance _499_ of sky130_fd_sc_hd__conb_1 in cell user_proj_example
Note:  Implicit pin HI in instance _500_ of sky130_fd_sc_hd__conb_1 in cell user_proj_example
Note:  Implicit pin HI in instance _501_ of sky130_fd_sc_hd__conb_1 in cell user_proj_example
Note:  Implicit pin HI in instance _502_ of sky130_fd_sc_hd__conb_1 in cell user_proj_example
Note:  Implicit pin HI in instance _503_ of sky130_fd_sc_hd__conb_1 in cell user_proj_example
Note:  Implicit pin HI in instance _504_ of sky130_fd_sc_hd__conb_1 in cell user_proj_example
Note:  Implicit pin HI in instance _505_ of sky130_fd_sc_hd__conb_1 in cell user_proj_example
Note:  Implicit pin HI in instance _506_ of sky130_fd_sc_hd__conb_1 in cell user_proj_example
Note:  Implicit pin HI in instance _507_ of sky130_fd_sc_hd__conb_1 in cell user_proj_example
Note:  Implicit pin HI in instance _508_ of sky130_fd_sc_hd__conb_1 in cell user_proj_example
Note:  Implicit pin HI in instance _509_ of sky130_fd_sc_hd__conb_1 in cell user_proj_example
Note:  Implicit pin HI in instance _510_ of sky130_fd_sc_hd__conb_1 in cell user_proj_example
Note:  Implicit pin HI in instance _511_ of sky130_fd_sc_hd__conb_1 in cell user_proj_example
Note:  Implicit pin HI in instance _512_ of sky130_fd_sc_hd__conb_1 in cell user_proj_example
Note:  Implicit pin HI in instance _513_ of sky130_fd_sc_hd__conb_1 in cell user_proj_example
Note:  Implicit pin HI in instance _514_ of sky130_fd_sc_hd__conb_1 in cell user_proj_example
Note:  Implicit pin HI in instance _515_ of sky130_fd_sc_hd__conb_1 in cell user_proj_example
Note:  Implicit pin HI in instance _516_ of sky130_fd_sc_hd__conb_1 in cell user_proj_example
Note:  Implicit pin HI in instance _517_ of sky130_fd_sc_hd__conb_1 in cell user_proj_example
Note:  Implicit pin HI in instance _518_ of sky130_fd_sc_hd__conb_1 in cell user_proj_example
Note:  Implicit pin HI in instance _519_ of sky130_fd_sc_hd__conb_1 in cell user_proj_example
Note:  Implicit pin HI in instance _520_ of sky130_fd_sc_hd__conb_1 in cell user_proj_example
Note:  Implicit pin HI in instance _521_ of sky130_fd_sc_hd__conb_1 in cell user_proj_example
Note:  Implicit pin HI in instance _522_ of sky130_fd_sc_hd__conb_1 in cell user_proj_example
Note:  Implicit pin HI in instance _523_ of sky130_fd_sc_hd__conb_1 in cell user_proj_example
Note:  Implicit pin HI in instance _524_ of sky130_fd_sc_hd__conb_1 in cell user_proj_example
Note:  Implicit pin HI in instance _525_ of sky130_fd_sc_hd__conb_1 in cell user_proj_example
Creating placeholder cell definition for module sky130_fd_sc_hd__mux2_1.
Creating placeholder cell definition for module sky130_fd_sc_hd__mux2_2.
Creating placeholder cell definition for module sky130_fd_sc_hd__mux2_8.
Creating placeholder cell definition for module sky130_fd_sc_hd__mux4_1.
Creating placeholder cell definition for module sky130_fd_sc_hd__buf_2.
Reading setup file /soft/ProgramFiles/caravel_user_project/openlane_caravel/pdks/sky130A/libs.tech/netgen/sky130A_setup.tcl
Comparison output logged to file /project/openlane/user_proj_example/runs/user_proj_example/results/lvs/user_proj_example.lvs.lef.log
Logging to file "/project/openlane/user_proj_example/runs/user_proj_example/results/lvs/user_proj_example.lvs.lef.log" enabled
Contents of circuit 1:  Circuit: 'sky130_fd_sc_hd__fill_1'
Circuit sky130_fd_sc_hd__fill_1 contains 0 device instances.
Circuit contains 0 nets, and 4 disconnected pins.
Contents of circuit 2:  Circuit: 'sky130_fd_sc_hd__fill_1'
Circuit sky130_fd_sc_hd__fill_1 contains 0 device instances.
Circuit contains 0 nets.

Circuit sky130_fd_sc_hd__fill_1 contains no devices.
Contents of circuit 1:  Circuit: 'sky130_fd_sc_hd__decap_6'
Circuit sky130_fd_sc_hd__decap_6 contains 0 device instances.
Circuit contains 0 nets, and 4 disconnected pins.
Contents of circuit 2:  Circuit: 'sky130_fd_sc_hd__decap_6'
Circuit sky130_fd_sc_hd__decap_6 contains 0 device instances.
Circuit contains 0 nets.

Circuit sky130_fd_sc_hd__decap_6 contains no devices.
Contents of circuit 1:  Circuit: 'sky130_fd_sc_hd__decap_12'
Circuit sky130_fd_sc_hd__decap_12 contains 0 device instances.
Circuit contains 0 nets, and 4 disconnected pins.
Contents of circuit 2:  Circuit: 'sky130_fd_sc_hd__decap_12'
Circuit sky130_fd_sc_hd__decap_12 contains 0 device instances.
Circuit contains 0 nets.

Circuit sky130_fd_sc_hd__decap_12 contains no devices.
Contents of circuit 1:  Circuit: 'sky130_fd_sc_hd__decap_4'
Circuit sky130_fd_sc_hd__decap_4 contains 0 device instances.
Circuit contains 0 nets, and 4 disconnected pins.
Contents of circuit 2:  Circuit: 'sky130_fd_sc_hd__decap_4'
Circuit sky130_fd_sc_hd__decap_4 contains 0 device instances.
Circuit contains 0 nets.

Circuit sky130_fd_sc_hd__decap_4 contains no devices.
Contents of circuit 1:  Circuit: 'sky130_fd_sc_hd__decap_3'
Circuit sky130_fd_sc_hd__decap_3 contains 0 device instances.
Circuit contains 0 nets, and 4 disconnected pins.
Contents of circuit 2:  Circuit: 'sky130_fd_sc_hd__decap_3'
Circuit sky130_fd_sc_hd__decap_3 contains 0 device instances.
Circuit contains 0 nets.

Circuit sky130_fd_sc_hd__decap_3 contains no devices.
Contents of circuit 1:  Circuit: 'sky130_fd_sc_hd__diode_2'
Circuit sky130_fd_sc_hd__diode_2 contains 0 device instances.
Circuit contains 0 nets, and 5 disconnected pins.
Contents of circuit 2:  Circuit: 'sky130_fd_sc_hd__diode_2'
Circuit sky130_fd_sc_hd__diode_2 contains 0 device instances.
Circuit contains 0 nets.

Circuit sky130_fd_sc_hd__diode_2 contains no devices.
Contents of circuit 1:  Circuit: 'sky130_fd_sc_hd__tapvpwrvgnd_1'
Circuit sky130_fd_sc_hd__tapvpwrvgnd_1 contains 0 device instances.
Circuit contains 0 nets, and 2 disconnected pins.
Contents of circuit 2:  Circuit: 'sky130_fd_sc_hd__tapvpwrvgnd_1'
Circuit sky130_fd_sc_hd__tapvpwrvgnd_1 contains 0 device instances.
Circuit contains 0 nets.

Circuit sky130_fd_sc_hd__tapvpwrvgnd_1 contains no devices.
Contents of circuit 1:  Circuit: 'sky130_fd_sc_hd__conb_1'
Circuit sky130_fd_sc_hd__conb_1 contains 0 device instances.
Circuit contains 0 nets, and 6 disconnected pins.
Contents of circuit 2:  Circuit: 'sky130_fd_sc_hd__conb_1'
Circuit sky130_fd_sc_hd__conb_1 contains 0 device instances.
Circuit contains 0 nets.

Circuit sky130_fd_sc_hd__conb_1 contains no devices.
Contents of circuit 1:  Circuit: 'sky130_fd_sc_hd__buf_1'
Circuit sky130_fd_sc_hd__buf_1 contains 0 device instances.
Circuit contains 0 nets, and 6 disconnected pins.
Contents of circuit 2:  Circuit: 'sky130_fd_sc_hd__buf_1'
Circuit sky130_fd_sc_hd__buf_1 contains 0 device instances.
Circuit contains 0 nets.

Circuit sky130_fd_sc_hd__buf_1 contains no devices.
Contents of circuit 1:  Circuit: 'sky130_fd_sc_hd__decap_8'
Circuit sky130_fd_sc_hd__decap_8 contains 0 device instances.
Circuit contains 0 nets, and 4 disconnected pins.
Contents of circuit 2:  Circuit: 'sky130_fd_sc_hd__decap_8'
Circuit sky130_fd_sc_hd__decap_8 contains 0 device instances.
Circuit contains 0 nets.

Circuit sky130_fd_sc_hd__decap_8 contains no devices.
Contents of circuit 1:  Circuit: 'sky130_fd_sc_hd__a21oi_1'
Circuit sky130_fd_sc_hd__a21oi_1 contains 0 device instances.
Circuit contains 0 nets, and 8 disconnected pins.
Contents of circuit 2:  Circuit: 'sky130_fd_sc_hd__a21oi_1'
Circuit sky130_fd_sc_hd__a21oi_1 contains 0 device instances.
Circuit contains 0 nets.

Circuit sky130_fd_sc_hd__a21oi_1 contains no devices.
Contents of circuit 1:  Circuit: 'sky130_fd_sc_hd__nor2_1'
Circuit sky130_fd_sc_hd__nor2_1 contains 0 device instances.
Circuit contains 0 nets, and 7 disconnected pins.
Contents of circuit 2:  Circuit: 'sky130_fd_sc_hd__nor2_1'
Circuit sky130_fd_sc_hd__nor2_1 contains 0 device instances.
Circuit contains 0 nets.

Circuit sky130_fd_sc_hd__nor2_1 contains no devices.
Contents of circuit 1:  Circuit: 'sky130_fd_sc_hd__fill_2'
Circuit sky130_fd_sc_hd__fill_2 contains 0 device instances.
Circuit contains 0 nets, and 4 disconnected pins.
Contents of circuit 2:  Circuit: 'sky130_fd_sc_hd__fill_2'
Circuit sky130_fd_sc_hd__fill_2 contains 0 device instances.
Circuit contains 0 nets.

Circuit sky130_fd_sc_hd__fill_2 contains no devices.
Contents of circuit 1:  Circuit: 'sky130_fd_sc_hd__mux2_1'
Circuit sky130_fd_sc_hd__mux2_1 contains 0 device instances.
Circuit contains 0 nets, and 8 disconnected pins.
Contents of circuit 2:  Circuit: 'sky130_fd_sc_hd__mux2_1'
Circuit sky130_fd_sc_hd__mux2_1 contains 0 device instances.
Circuit contains 0 nets.

Circuit sky130_fd_sc_hd__mux2_1 contains no devices.
Contents of circuit 1:  Circuit: 'sky130_fd_sc_hd__clkbuf_2'
Circuit sky130_fd_sc_hd__clkbuf_2 contains 0 device instances.
Circuit contains 0 nets, and 6 disconnected pins.
Contents of circuit 2:  Circuit: 'sky130_fd_sc_hd__clkbuf_2'
Circuit sky130_fd_sc_hd__clkbuf_2 contains 0 device instances.
Circuit contains 0 nets.

Circuit sky130_fd_sc_hd__clkbuf_2 contains no devices.
Contents of circuit 1:  Circuit: 'sky130_fd_sc_hd__or2_1'
Circuit sky130_fd_sc_hd__or2_1 contains 0 device instances.
Circuit contains 0 nets, and 7 disconnected pins.
Contents of circuit 2:  Circuit: 'sky130_fd_sc_hd__or2_1'
Circuit sky130_fd_sc_hd__or2_1 contains 0 device instances.
Circuit contains 0 nets.

Circuit sky130_fd_sc_hd__or2_1 contains no devices.
Contents of circuit 1:  Circuit: 'sky130_fd_sc_hd__or2_2'
Circuit sky130_fd_sc_hd__or2_2 contains 0 device instances.
Circuit contains 0 nets, and 7 disconnected pins.
Contents of circuit 2:  Circuit: 'sky130_fd_sc_hd__or2_2'
Circuit sky130_fd_sc_hd__or2_2 contains 0 device instances.
Circuit contains 0 nets.

Circuit sky130_fd_sc_hd__or2_2 contains no devices.
Contents of circuit 1:  Circuit: 'sky130_fd_sc_hd__or3_1'
Circuit sky130_fd_sc_hd__or3_1 contains 0 device instances.
Circuit contains 0 nets, and 8 disconnected pins.
Contents of circuit 2:  Circuit: 'sky130_fd_sc_hd__or3_1'
Circuit sky130_fd_sc_hd__or3_1 contains 0 device instances.
Circuit contains 0 nets.

Circuit sky130_fd_sc_hd__or3_1 contains no devices.
Contents of circuit 1:  Circuit: 'sky130_fd_sc_hd__inv_2'
Circuit sky130_fd_sc_hd__inv_2 contains 0 device instances.
Circuit contains 0 nets, and 6 disconnected pins.
Contents of circuit 2:  Circuit: 'sky130_fd_sc_hd__inv_2'
Circuit sky130_fd_sc_hd__inv_2 contains 0 device instances.
Circuit contains 0 nets.

Circuit sky130_fd_sc_hd__inv_2 contains no devices.
Contents of circuit 1:  Circuit: 'sky130_fd_sc_hd__mux2_2'
Circuit sky130_fd_sc_hd__mux2_2 contains 0 device instances.
Circuit contains 0 nets, and 8 disconnected pins.
Contents of circuit 2:  Circuit: 'sky130_fd_sc_hd__mux2_2'
Circuit sky130_fd_sc_hd__mux2_2 contains 0 device instances.
Circuit contains 0 nets.

Circuit sky130_fd_sc_hd__mux2_2 contains no devices.
Contents of circuit 1:  Circuit: 'sky130_fd_sc_hd__a22o_1'
Circuit sky130_fd_sc_hd__a22o_1 contains 0 device instances.
Circuit contains 0 nets, and 9 disconnected pins.
Contents of circuit 2:  Circuit: 'sky130_fd_sc_hd__a22o_1'
Circuit sky130_fd_sc_hd__a22o_1 contains 0 device instances.
Circuit contains 0 nets.

Circuit sky130_fd_sc_hd__a22o_1 contains no devices.
Contents of circuit 1:  Circuit: 'sky130_fd_sc_hd__o22a_1'
Circuit sky130_fd_sc_hd__o22a_1 contains 0 device instances.
Circuit contains 0 nets, and 9 disconnected pins.
Contents of circuit 2:  Circuit: 'sky130_fd_sc_hd__o22a_1'
Circuit sky130_fd_sc_hd__o22a_1 contains 0 device instances.
Circuit contains 0 nets.

Circuit sky130_fd_sc_hd__o22a_1 contains no devices.
Contents of circuit 1:  Circuit: 'sky130_fd_sc_hd__o21ai_1'
Circuit sky130_fd_sc_hd__o21ai_1 contains 0 device instances.
Circuit contains 0 nets, and 8 disconnected pins.
Contents of circuit 2:  Circuit: 'sky130_fd_sc_hd__o21ai_1'
Circuit sky130_fd_sc_hd__o21ai_1 contains 0 device instances.
Circuit contains 0 nets.

Circuit sky130_fd_sc_hd__o21ai_1 contains no devices.
Contents of circuit 1:  Circuit: 'sky130_fd_sc_hd__clkbuf_1'
Circuit sky130_fd_sc_hd__clkbuf_1 contains 0 device instances.
Circuit contains 0 nets, and 6 disconnected pins.
Contents of circuit 2:  Circuit: 'sky130_fd_sc_hd__clkbuf_1'
Circuit sky130_fd_sc_hd__clkbuf_1 contains 0 device instances.
Circuit contains 0 nets.

Circuit sky130_fd_sc_hd__clkbuf_1 contains no devices.
Contents of circuit 1:  Circuit: 'sky130_fd_sc_hd__inv_6'
Circuit sky130_fd_sc_hd__inv_6 contains 0 device instances.
Circuit contains 0 nets, and 6 disconnected pins.
Contents of circuit 2:  Circuit: 'sky130_fd_sc_hd__inv_6'
Circuit sky130_fd_sc_hd__inv_6 contains 0 device instances.
Circuit contains 0 nets.

Circuit sky130_fd_sc_hd__inv_6 contains no devices.
Contents of circuit 1:  Circuit: 'sky130_fd_sc_hd__buf_2'
Circuit sky130_fd_sc_hd__buf_2 contains 0 device instances.
Circuit contains 0 nets, and 6 disconnected pins.
Contents of circuit 2:  Circuit: 'sky130_fd_sc_hd__buf_2'
Circuit sky130_fd_sc_hd__buf_2 contains 0 device instances.
Circuit contains 0 nets.

Circuit sky130_fd_sc_hd__buf_2 contains no devices.
Contents of circuit 1:  Circuit: 'sky130_fd_sc_hd__buf_6'
Circuit sky130_fd_sc_hd__buf_6 contains 0 device instances.
Circuit contains 0 nets, and 6 disconnected pins.
Contents of circuit 2:  Circuit: 'sky130_fd_sc_hd__buf_6'
Circuit sky130_fd_sc_hd__buf_6 contains 0 device instances.
Circuit contains 0 nets.

Circuit sky130_fd_sc_hd__buf_6 contains no devices.
Contents of circuit 1:  Circuit: 'sky130_fd_sc_hd__o32a_1'
Circuit sky130_fd_sc_hd__o32a_1 contains 0 device instances.
Circuit contains 0 nets, and 10 disconnected pins.
Contents of circuit 2:  Circuit: 'sky130_fd_sc_hd__o32a_1'
Circuit sky130_fd_sc_hd__o32a_1 contains 0 device instances.
Circuit contains 0 nets.

Circuit sky130_fd_sc_hd__o32a_1 contains no devices.
Contents of circuit 1:  Circuit: 'sky130_fd_sc_hd__or3_2'
Circuit sky130_fd_sc_hd__or3_2 contains 0 device instances.
Circuit contains 0 nets, and 8 disconnected pins.
Contents of circuit 2:  Circuit: 'sky130_fd_sc_hd__or3_2'
Circuit sky130_fd_sc_hd__or3_2 contains 0 device instances.
Circuit contains 0 nets.

Circuit sky130_fd_sc_hd__or3_2 contains no devices.
Contents of circuit 1:  Circuit: 'sky130_fd_sc_hd__mux2_8'
Circuit sky130_fd_sc_hd__mux2_8 contains 0 device instances.
Circuit contains 0 nets, and 8 disconnected pins.
Contents of circuit 2:  Circuit: 'sky130_fd_sc_hd__mux2_8'
Circuit sky130_fd_sc_hd__mux2_8 contains 0 device instances.
Circuit contains 0 nets.

Circuit sky130_fd_sc_hd__mux2_8 contains no devices.
Contents of circuit 1:  Circuit: 'sky130_fd_sc_hd__a21o_1'
Circuit sky130_fd_sc_hd__a21o_1 contains 0 device instances.
Circuit contains 0 nets, and 8 disconnected pins.
Contents of circuit 2:  Circuit: 'sky130_fd_sc_hd__a21o_1'
Circuit sky130_fd_sc_hd__a21o_1 contains 0 device instances.
Circuit contains 0 nets.

Circuit sky130_fd_sc_hd__a21o_1 contains no devices.
Contents of circuit 1:  Circuit: 'sky130_fd_sc_hd__dlymetal6s2s_1'
Circuit sky130_fd_sc_hd__dlymetal6s2s_1 contains 0 device instances.
Circuit contains 0 nets, and 6 disconnected pins.
Contents of circuit 2:  Circuit: 'sky130_fd_sc_hd__dlymetal6s2s_1'
Circuit sky130_fd_sc_hd__dlymetal6s2s_1 contains 0 device instances.
Circuit contains 0 nets.

Circuit sky130_fd_sc_hd__dlymetal6s2s_1 contains no devices.
Contents of circuit 1:  Circuit: 'sky130_fd_sc_hd__clkbuf_4'
Circuit sky130_fd_sc_hd__clkbuf_4 contains 0 device instances.
Circuit contains 0 nets, and 6 disconnected pins.
Contents of circuit 2:  Circuit: 'sky130_fd_sc_hd__clkbuf_4'
Circuit sky130_fd_sc_hd__clkbuf_4 contains 0 device instances.
Circuit contains 0 nets.

Circuit sky130_fd_sc_hd__clkbuf_4 contains no devices.
Contents of circuit 1:  Circuit: 'sky130_fd_sc_hd__or3b_1'
Circuit sky130_fd_sc_hd__or3b_1 contains 0 device instances.
Circuit contains 0 nets, and 8 disconnected pins.
Contents of circuit 2:  Circuit: 'sky130_fd_sc_hd__or3b_1'
Circuit sky130_fd_sc_hd__or3b_1 contains 0 device instances.
Circuit contains 0 nets.

Circuit sky130_fd_sc_hd__or3b_1 contains no devices.
Contents of circuit 1:  Circuit: 'sky130_fd_sc_hd__or4_1'
Circuit sky130_fd_sc_hd__or4_1 contains 0 device instances.
Circuit contains 0 nets, and 9 disconnected pins.
Contents of circuit 2:  Circuit: 'sky130_fd_sc_hd__or4_1'
Circuit sky130_fd_sc_hd__or4_1 contains 0 device instances.
Circuit contains 0 nets.

Circuit sky130_fd_sc_hd__or4_1 contains no devices.
Contents of circuit 1:  Circuit: 'sky130_fd_sc_hd__mux4_1'
Circuit sky130_fd_sc_hd__mux4_1 contains 0 device instances.
Circuit contains 0 nets, and 11 disconnected pins.
Contents of circuit 2:  Circuit: 'sky130_fd_sc_hd__mux4_1'
Circuit sky130_fd_sc_hd__mux4_1 contains 0 device instances.
Circuit contains 0 nets.

Circuit sky130_fd_sc_hd__mux4_1 contains no devices.
Contents of circuit 1:  Circuit: 'sky130_fd_sc_hd__or4b_4'
Circuit sky130_fd_sc_hd__or4b_4 contains 0 device instances.
Circuit contains 0 nets, and 9 disconnected pins.
Contents of circuit 2:  Circuit: 'sky130_fd_sc_hd__or4b_4'
Circuit sky130_fd_sc_hd__or4b_4 contains 0 device instances.
Circuit contains 0 nets.

Circuit sky130_fd_sc_hd__or4b_4 contains no devices.
Contents of circuit 1:  Circuit: 'sky130_fd_sc_hd__clkbuf_8'
Circuit sky130_fd_sc_hd__clkbuf_8 contains 0 device instances.
Circuit contains 0 nets, and 6 disconnected pins.
Contents of circuit 2:  Circuit: 'sky130_fd_sc_hd__clkbuf_8'
Circuit sky130_fd_sc_hd__clkbuf_8 contains 0 device instances.
Circuit contains 0 nets.

Circuit sky130_fd_sc_hd__clkbuf_8 contains no devices.
Contents of circuit 1:  Circuit: 'sky130_fd_sc_hd__and3_1'
Circuit sky130_fd_sc_hd__and3_1 contains 0 device instances.
Circuit contains 0 nets, and 8 disconnected pins.
Contents of circuit 2:  Circuit: 'sky130_fd_sc_hd__and3_1'
Circuit sky130_fd_sc_hd__and3_1 contains 0 device instances.
Circuit contains 0 nets.

Circuit sky130_fd_sc_hd__and3_1 contains no devices.
Contents of circuit 1:  Circuit: 'sky130_fd_sc_hd__o21ai_2'
Circuit sky130_fd_sc_hd__o21ai_2 contains 0 device instances.
Circuit contains 0 nets, and 8 disconnected pins.
Contents of circuit 2:  Circuit: 'sky130_fd_sc_hd__o21ai_2'
Circuit sky130_fd_sc_hd__o21ai_2 contains 0 device instances.
Circuit contains 0 nets.

Circuit sky130_fd_sc_hd__o21ai_2 contains no devices.
Contents of circuit 1:  Circuit: 'user_proj_example'
Circuit user_proj_example contains 52242 device instances.
  Class: sky130_fd_sc_hd__a21o_1 instances:   1
  Class: sky130_fd_sc_hd__or4_1 instances:   1
  Class: sky130_fd_sc_hd__buf_1 instances:  15
  Class: sky130_fd_sc_hd__buf_2 instances:   2
  Class: sky130_fd_sc_hd__buf_6 instances:   1
  Class: sky130_fd_sc_hd__mux4_1 instances:   2
  Class: sky130_fd_sc_hd__inv_2 instances:  50
  Class: sky130_fd_sc_hd__inv_6 instances:   1
  Class: sky130_fd_sc_hd__clkbuf_1 instances:   6
  Class: sky130_fd_sc_hd__clkbuf_2 instances:  35
  Class: sky130_fd_sc_hd__clkbuf_4 instances:   2
  Class: sky130_fd_sc_hd__clkbuf_8 instances:   1
  Class: sky130_fd_sc_hd__or3_1 instances:   2
  Class: sky130_fd_sc_hd__or3_2 instances:   1
  Class: sky130_fd_sc_hd__conb_1 instances: 212
  Class: sky130_fd_sc_hd__and3_1 instances:   2
  Class: sky130_fd_sc_hd__decap_3 instances: 559
  Class: sky130_fd_sc_hd__decap_4 instances: 589
  Class: sky130_fd_sc_hd__decap_6 instances: 6875
  Class: sky130_fd_sc_hd__decap_8 instances: 203
  Class: sky130_fd_sc_hd__or2_1 instances:  14
  Class: sky130_fd_sc_hd__or2_2 instances:   3
  Class: sky130_fd_sc_hd__mux2_1 instances:  81
  Class: sky130_fd_sc_hd__mux2_2 instances:   5
  Class: sky130_fd_sc_hd__mux2_8 instances:   1
  Class: sky130_fd_sc_hd__or4b_4 instances:   1
  Class: sky130_fd_sc_hd__o32a_1 instances:   1
  Class: sky130_fd_sc_hd__o22a_1 instances:   2
  Class: sky130_fd_sc_hd__diode_2 instances: 176
  Class: sky130_fd_sc_hd__or3b_1 instances:   1
  Class: sky130_fd_sc_hd__dlymetal6s2s_1 instances:   2
  Class: sky130_fd_sc_hd__a22o_1 instances:   1
  Class: sky130_fd_sc_hd__o21ai_1 instances:   1
  Class: sky130_fd_sc_hd__o21ai_2 instances:   1
  Class: sky130_fd_sc_hd__tapvpwrvgnd_1 instances: 7276
  Class: sky130_fd_sc_hd__a21oi_1 instances:   1
  Class: sky130_fd_sc_hd__fill_1 instances: 7246
  Class: sky130_fd_sc_hd__fill_2 instances:  46
  Class: sky130_fd_sc_hd__decap_12 instances: 28796
  Class: sky130_fd_sc_hd__nor2_1 instances:  27
Circuit contains 709 nets, and 348 disconnected pins.
Contents of circuit 2:  Circuit: 'user_proj_example'
Circuit user_proj_example contains 52242 device instances.
  Class: sky130_fd_sc_hd__a21o_1 instances:   1
  Class: sky130_fd_sc_hd__or4_1 instances:   1
  Class: sky130_fd_sc_hd__buf_1 instances:  15
  Class: sky130_fd_sc_hd__buf_2 instances:   2
  Class: sky130_fd_sc_hd__buf_6 instances:   1
  Class: sky130_fd_sc_hd__mux4_1 instances:   2
  Class: sky130_fd_sc_hd__inv_2 instances:  50
  Class: sky130_fd_sc_hd__inv_6 instances:   1
  Class: sky130_fd_sc_hd__clkbuf_1 instances:   6
  Class: sky130_fd_sc_hd__clkbuf_2 instances:  35
  Class: sky130_fd_sc_hd__clkbuf_4 instances:   2
  Class: sky130_fd_sc_hd__clkbuf_8 instances:   1
  Class: sky130_fd_sc_hd__or3_1 instances:   2
  Class: sky130_fd_sc_hd__or3_2 instances:   1
  Class: sky130_fd_sc_hd__conb_1 instances: 212
  Class: sky130_fd_sc_hd__and3_1 instances:   2
  Class: sky130_fd_sc_hd__decap_3 instances: 559
  Class: sky130_fd_sc_hd__decap_4 instances: 589
  Class: sky130_fd_sc_hd__decap_6 instances: 6875
  Class: sky130_fd_sc_hd__decap_8 instances: 203
  Class: sky130_fd_sc_hd__or2_1 instances:  14
  Class: sky130_fd_sc_hd__or2_2 instances:   3
  Class: sky130_fd_sc_hd__mux2_1 instances:  81
  Class: sky130_fd_sc_hd__mux2_2 instances:   5
  Class: sky130_fd_sc_hd__mux2_8 instances:   1
  Class: sky130_fd_sc_hd__or4b_4 instances:   1
  Class: sky130_fd_sc_hd__o32a_1 instances:   1
  Class: sky130_fd_sc_hd__o22a_1 instances:   2
  Class: sky130_fd_sc_hd__diode_2 instances: 176
  Class: sky130_fd_sc_hd__or3b_1 instances:   1
  Class: sky130_fd_sc_hd__dlymetal6s2s_1 instances:   2
  Class: sky130_fd_sc_hd__a22o_1 instances:   1
  Class: sky130_fd_sc_hd__o21ai_1 instances:   1
  Class: sky130_fd_sc_hd__o21ai_2 instances:   1
  Class: sky130_fd_sc_hd__tapvpwrvgnd_1 instances: 7276
  Class: sky130_fd_sc_hd__a21oi_1 instances:   1
  Class: sky130_fd_sc_hd__fill_1 instances: 7246
  Class: sky130_fd_sc_hd__fill_2 instances:  46
  Class: sky130_fd_sc_hd__decap_12 instances: 28796
  Class: sky130_fd_sc_hd__nor2_1 instances:  27
Circuit contains 709 nets, and 348 disconnected pins.

Circuit was modified by parallel/series device merging.
New circuit summary:

Contents of circuit 1:  Circuit: 'user_proj_example'
Circuit user_proj_example contains 538 device instances.
  Class: sky130_fd_sc_hd__a21o_1 instances:   1
  Class: sky130_fd_sc_hd__or4_1 instances:   1
  Class: sky130_fd_sc_hd__buf_1 instances:  15
  Class: sky130_fd_sc_hd__buf_2 instances:   2
  Class: sky130_fd_sc_hd__buf_6 instances:   1
  Class: sky130_fd_sc_hd__mux4_1 instances:   2
  Class: sky130_fd_sc_hd__inv_2 instances:  50
  Class: sky130_fd_sc_hd__inv_6 instances:   1
  Class: sky130_fd_sc_hd__clkbuf_1 instances:   6
  Class: sky130_fd_sc_hd__clkbuf_2 instances:  35
  Class: sky130_fd_sc_hd__clkbuf_4 instances:   2
  Class: sky130_fd_sc_hd__clkbuf_8 instances:   1
  Class: sky130_fd_sc_hd__or3_1 instances:   2
  Class: sky130_fd_sc_hd__or3_2 instances:   1
  Class: sky130_fd_sc_hd__conb_1 instances: 212
  Class: sky130_fd_sc_hd__and3_1 instances:   2
  Class: sky130_fd_sc_hd__decap_3 instances:   1
  Class: sky130_fd_sc_hd__decap_4 instances:   1
  Class: sky130_fd_sc_hd__decap_6 instances:   1
  Class: sky130_fd_sc_hd__decap_8 instances:   1
  Class: sky130_fd_sc_hd__or2_1 instances:  14
  Class: sky130_fd_sc_hd__or2_2 instances:   3
  Class: sky130_fd_sc_hd__mux2_1 instances:  81
  Class: sky130_fd_sc_hd__mux2_2 instances:   5
  Class: sky130_fd_sc_hd__mux2_8 instances:   1
  Class: sky130_fd_sc_hd__or4b_4 instances:   1
  Class: sky130_fd_sc_hd__o32a_1 instances:   1
  Class: sky130_fd_sc_hd__o22a_1 instances:   2
  Class: sky130_fd_sc_hd__diode_2 instances:  54
  Class: sky130_fd_sc_hd__or3b_1 instances:   1
  Class: sky130_fd_sc_hd__dlymetal6s2s_1 instances:   2
  Class: sky130_fd_sc_hd__a22o_1 instances:   1
  Class: sky130_fd_sc_hd__o21ai_1 instances:   1
  Class: sky130_fd_sc_hd__o21ai_2 instances:   1
  Class: sky130_fd_sc_hd__tapvpwrvgnd_1 instances:   1
  Class: sky130_fd_sc_hd__a21oi_1 instances:   1
  Class: sky130_fd_sc_hd__fill_1 instances:   1
  Class: sky130_fd_sc_hd__fill_2 instances:   1
  Class: sky130_fd_sc_hd__decap_12 instances:   1
  Class: sky130_fd_sc_hd__nor2_1 instances:  27
Circuit contains 709 nets, and 348 disconnected pins.
Contents of circuit 2:  Circuit: 'user_proj_example'
Circuit user_proj_example contains 538 device instances.
  Class: sky130_fd_sc_hd__a21o_1 instances:   1
  Class: sky130_fd_sc_hd__or4_1 instances:   1
  Class: sky130_fd_sc_hd__buf_1 instances:  15
  Class: sky130_fd_sc_hd__buf_2 instances:   2
  Class: sky130_fd_sc_hd__buf_6 instances:   1
  Class: sky130_fd_sc_hd__mux4_1 instances:   2
  Class: sky130_fd_sc_hd__inv_2 instances:  50
  Class: sky130_fd_sc_hd__inv_6 instances:   1
  Class: sky130_fd_sc_hd__clkbuf_1 instances:   6
  Class: sky130_fd_sc_hd__clkbuf_2 instances:  35
  Class: sky130_fd_sc_hd__clkbuf_4 instances:   2
  Class: sky130_fd_sc_hd__clkbuf_8 instances:   1
  Class: sky130_fd_sc_hd__or3_1 instances:   2
  Class: sky130_fd_sc_hd__or3_2 instances:   1
  Class: sky130_fd_sc_hd__conb_1 instances: 212
  Class: sky130_fd_sc_hd__and3_1 instances:   2
  Class: sky130_fd_sc_hd__decap_3 instances:   1
  Class: sky130_fd_sc_hd__decap_4 instances:   1
  Class: sky130_fd_sc_hd__decap_6 instances:   1
  Class: sky130_fd_sc_hd__decap_8 instances:   1
  Class: sky130_fd_sc_hd__or2_1 instances:  14
  Class: sky130_fd_sc_hd__or2_2 instances:   3
  Class: sky130_fd_sc_hd__mux2_1 instances:  81
  Class: sky130_fd_sc_hd__mux2_2 instances:   5
  Class: sky130_fd_sc_hd__mux2_8 instances:   1
  Class: sky130_fd_sc_hd__or4b_4 instances:   1
  Class: sky130_fd_sc_hd__o32a_1 instances:   1
  Class: sky130_fd_sc_hd__o22a_1 instances:   2
  Class: sky130_fd_sc_hd__diode_2 instances:  54
  Class: sky130_fd_sc_hd__or3b_1 instances:   1
  Class: sky130_fd_sc_hd__dlymetal6s2s_1 instances:   2
  Class: sky130_fd_sc_hd__a22o_1 instances:   1
  Class: sky130_fd_sc_hd__o21ai_1 instances:   1
  Class: sky130_fd_sc_hd__o21ai_2 instances:   1
  Class: sky130_fd_sc_hd__tapvpwrvgnd_1 instances:   1
  Class: sky130_fd_sc_hd__a21oi_1 instances:   1
  Class: sky130_fd_sc_hd__fill_1 instances:   1
  Class: sky130_fd_sc_hd__fill_2 instances:   1
  Class: sky130_fd_sc_hd__decap_12 instances:   1
  Class: sky130_fd_sc_hd__nor2_1 instances:  27
Circuit contains 709 nets, and 348 disconnected pins.

Circuit 1 contains 538 devices, Circuit 2 contains 538 devices.
Circuit 1 contains 709 nets,    Circuit 2 contains 709 nets.

Circuits match with 3 symmetries.
Resolving automorphisms by property value.
Resolving automorphisms by pin name.
Netlists match uniquely.
Circuits match correctly.
Result: Circuits match uniquely.
Logging to file "/project/openlane/user_proj_example/runs/user_proj_example/results/lvs/user_proj_example.lvs.lef.log" disabled
LVS Done.
