
30. Printing statistics.

=== user_proj_example ===

   Number of wires:                205
   Number of wire bits:            795
   Number of public wires:          17
   Number of public wire bits:     607
   Number of memories:               0
   Number of memory bits:            0
   Number of processes:              0
   Number of cells:                428
     sky130_fd_sc_hd__a21o_2         1
     sky130_fd_sc_hd__a21oi_2        1
     sky130_fd_sc_hd__a22o_2         1
     sky130_fd_sc_hd__and3_2         2
     sky130_fd_sc_hd__buf_1         15
     sky130_fd_sc_hd__buf_2          1
     sky130_fd_sc_hd__conb_1       212
     sky130_fd_sc_hd__inv_2         51
     sky130_fd_sc_hd__mux2_1        87
     sky130_fd_sc_hd__mux4_1         2
     sky130_fd_sc_hd__nor2_2        27
     sky130_fd_sc_hd__o21ai_2        2
     sky130_fd_sc_hd__o22a_2         2
     sky130_fd_sc_hd__o32a_2         1
     sky130_fd_sc_hd__or2_2         17
     sky130_fd_sc_hd__or3_2          3
     sky130_fd_sc_hd__or3b_2         1
     sky130_fd_sc_hd__or4_2          1
     sky130_fd_sc_hd__or4b_2         1

   Chip area for module '\user_proj_example': 2497.395200

