min_max_report
Startpoint: io_in[18] (input port clocked by wb_clk_i)
Endpoint: io_out[31] (output port clocked by wb_clk_i)
Path Group: wb_clk_i
Path Type: min

Fanout     Cap    Slew   Delay    Time   Description
-----------------------------------------------------------------------------
                  0.00    0.00    0.00   clock wb_clk_i (rise edge)
                          0.00    0.00   clock network delay (ideal)
                          6.00    6.00 v input external delay
                  0.00    0.00    6.00 v io_in[18] (in)
     1    0.00                           io_in[18] (net)
                  0.00    0.00    6.00 v _526_/A (sky130_fd_sc_hd__buf_2)
                  0.04    0.09    6.09 v _526_/X (sky130_fd_sc_hd__buf_2)
     1    0.02                           io_out[31] (net)
                  0.04    0.00    6.09 v io_out[31] (out)
                                  6.09   data arrival time

                  0.00    0.00    0.00   clock wb_clk_i (rise edge)
                          0.00    0.00   clock network delay (ideal)
                          0.00    0.00   clock reconvergence pessimism
                         -6.00   -6.00   output external delay
                                 -6.00   data required time
-----------------------------------------------------------------------------
                                 -6.00   data required time
                                 -6.09   data arrival time
-----------------------------------------------------------------------------
                                 12.09   slack (MET)


Startpoint: io_in[10] (input port clocked by wb_clk_i)
Endpoint: io_out[30] (output port clocked by wb_clk_i)
Path Group: wb_clk_i
Path Type: max

Fanout     Cap    Slew   Delay    Time   Description
-----------------------------------------------------------------------------
                  0.00    0.00    0.00   clock wb_clk_i (rise edge)
                          0.00    0.00   clock network delay (ideal)
                          6.00    6.00 v input external delay
                  0.01    0.01    6.01 v io_in[10] (in)
     2    0.01                           io_in[10] (net)
                  0.01    0.00    6.01 v _188_/A (sky130_fd_sc_hd__or2_2)
                  0.13    0.67    6.67 v _188_/X (sky130_fd_sc_hd__or2_2)
     2    0.01                           _116_ (net)
                  0.13    0.00    6.67 v _193_/C (sky130_fd_sc_hd__or4b_2)
                  0.32    1.64    8.31 v _193_/X (sky130_fd_sc_hd__or4b_2)
     5    0.02                           _117_ (net)
                  0.32    0.00    8.31 v _246_/A (sky130_fd_sc_hd__inv_2)
                  0.13    0.20    8.51 ^ _246_/Y (sky130_fd_sc_hd__inv_2)
     4    0.01                           _099_ (net)
                  0.13    0.00    8.51 ^ _570_/S (sky130_fd_sc_hd__mux2_1)
                  0.19    0.82    9.33 v _570_/X (sky130_fd_sc_hd__mux2_1)
     5    0.01                           _103_ (net)
                  0.19    0.00    9.33 v _615_/S0 (sky130_fd_sc_hd__mux4_1)
                  0.14    1.03   10.36 v _615_/X (sky130_fd_sc_hd__mux4_1)
     1    0.00                           _113_ (net)
                  0.14    0.00   10.36 v _229_/A (sky130_fd_sc_hd__or2_2)
                  0.11    0.67   11.03 v _229_/X (sky130_fd_sc_hd__or2_2)
     1    0.00                           _124_ (net)
                  0.11    0.00   11.03 v _230_/A (sky130_fd_sc_hd__buf_1)
                  0.68    0.64   11.67 v _230_/X (sky130_fd_sc_hd__buf_1)
    20    0.06                           _114_ (net)
                  0.68    0.00   11.67 v _231_/A (sky130_fd_sc_hd__inv_2)
                  0.17    0.26   11.94 ^ _231_/Y (sky130_fd_sc_hd__inv_2)
     2    0.01                           _001_ (net)
                  0.17    0.00   11.94 ^ _264_/A (sky130_fd_sc_hd__nor2_2)
                  0.04    0.10   12.04 v _264_/Y (sky130_fd_sc_hd__nor2_2)
     1    0.00                           _115_ (net)
                  0.04    0.00   12.04 v _575_/A1 (sky130_fd_sc_hd__mux2_1)
                  0.19    0.75   12.78 v _575_/X (sky130_fd_sc_hd__mux2_1)
     5    0.01                           _000_ (net)
                  0.19    0.00   12.78 v _269_/A (sky130_fd_sc_hd__or3_2)
                  0.23    1.24   14.03 v _269_/X (sky130_fd_sc_hd__or3_2)
     4    0.01                           _135_ (net)
                  0.23    0.00   14.03 v _278_/B (sky130_fd_sc_hd__or2_2)
                  0.15    0.73   14.76 v _278_/X (sky130_fd_sc_hd__or2_2)
     2    0.01                           _140_ (net)
                  0.15    0.00   14.76 v _284_/A (sky130_fd_sc_hd__inv_2)
                  0.09    0.13   14.89 ^ _284_/Y (sky130_fd_sc_hd__inv_2)
     3    0.01                           _011_ (net)
                  0.09    0.00   14.89 ^ _287_/B (sky130_fd_sc_hd__nor2_2)
                  0.04    0.06   14.95 v _287_/Y (sky130_fd_sc_hd__nor2_2)
     1    0.00                           _016_ (net)
                  0.04    0.00   14.95 v _552_/A1 (sky130_fd_sc_hd__mux2_1)
                  0.24    0.81   15.76 v _552_/X (sky130_fd_sc_hd__mux2_1)
     1    0.02                           io_out[30] (net)
                  0.24    0.00   15.76 v io_out[30] (out)
                                 15.76   data arrival time

                  0.00   30.00   30.00   clock wb_clk_i (rise edge)
                          0.00   30.00   clock network delay (ideal)
                          0.00   30.00   clock reconvergence pessimism
                         -6.00   24.00   output external delay
                                 24.00   data required time
-----------------------------------------------------------------------------
                                 24.00   data required time
                                -15.76   data arrival time
-----------------------------------------------------------------------------
                                  8.24   slack (MET)


