Thu Oct 28 07:47:34 UTC 2021 - Executing "openroad -python /openLANE_flow/scripts/extract_metal_layers.py -t /soft/ProgramFiles/caravel_user_project/openlane_caravel/pdks/sky130A/libs.ref/sky130_fd_sc_hd/techlef/sky130_fd_sc_hd.tlef -o /project/openlane/user_proj_example/runs/user_proj_example/tmp/met_layers_list.txt"

Thu Oct 28 07:47:35 UTC 2021 - Executing "/openLANE_flow/scripts/mergeLef.py -i /soft/ProgramFiles/caravel_user_project/openlane_caravel/pdks/sky130A/libs.ref/sky130_fd_sc_hd/techlef/sky130_fd_sc_hd.tlef {/soft/ProgramFiles/caravel_user_project/openlane_caravel/pdks/sky130A/libs.ref/sky130_fd_sc_hd/lef/sky130_fd_sc_hd.lef /soft/ProgramFiles/caravel_user_project/openlane_caravel/pdks/sky130A/libs.ref/sky130_fd_sc_hd/lef/sky130_ef_sc_hd__fill_12.lef /soft/ProgramFiles/caravel_user_project/openlane_caravel/pdks/sky130A/libs.ref/sky130_fd_sc_hd/lef/sky130_ef_sc_hd__fill_8.lef /soft/ProgramFiles/caravel_user_project/openlane_caravel/pdks/sky130A/libs.ref/sky130_fd_sc_hd/lef/sky130_ef_sc_hd__decap_12.lef /soft/ProgramFiles/caravel_user_project/openlane_caravel/pdks/sky130A/libs.ref/sky130_fd_sc_hd/lef/sky130_ef_sc_hd__fakediode_2.lef} -o /project/openlane/user_proj_example/runs/user_proj_example/tmp/merged_unpadded.lef |& tee >&@stdout"

Thu Oct 28 07:47:35 UTC 2021 - Executing "/openLANE_flow/scripts/libtrim.pl /soft/ProgramFiles/caravel_user_project/openlane_caravel/pdks/sky130A/libs.ref/sky130_fd_sc_hd/lib/sky130_fd_sc_hd__tt_025C_1v80.lib /project/openlane/user_proj_example/runs/user_proj_example/tmp/trimmed.lib.exclude.list > /project/openlane/user_proj_example/runs/user_proj_example/tmp/trimmed.lib"

Thu Oct 28 07:47:35 UTC 2021 - Executing "openroad -python /openLANE_flow/scripts/new_tracks.py -i /soft/ProgramFiles/caravel_user_project/openlane_caravel/pdks/sky130A/libs.tech/openlane/sky130_fd_sc_hd/tracks.info -o /project/openlane/user_proj_example/runs/user_proj_example/tmp/config.tracks"

Thu Oct 28 07:47:36 UTC 2021 - Executing "echo {openlane 2021.09.19_20.25.16} > /project/openlane/user_proj_example/runs/user_proj_example/OPENLANE_VERSION"

Thu Oct 28 07:47:36 UTC 2021 - Executing "sed -E {s/^([[:space:]]+)pg_pin(.*)/\1pin\2\n\1    direction : "inout";/g} /soft/ProgramFiles/caravel_user_project/openlane_caravel/pdks/sky130A/libs.ref/sky130_fd_sc_hd/lib/sky130_fd_sc_hd__tt_025C_1v80.lib > /project/openlane/user_proj_example/runs/user_proj_example/tmp/sky130_fd_sc_hd__tt_025C_1v80.no_pg.lib"

Thu Oct 28 07:47:36 UTC 2021 - Executing "yosys -c /openLANE_flow/scripts/synth.tcl -l /project/openlane/user_proj_example/runs/user_proj_example/logs/synthesis/1-yosys.log |& tee >&@stdout"

Thu Oct 28 07:47:38 UTC 2021 - Executing "sed -i -e {s/\(set ::env(CURRENT_NETLIST)\).*/\1 \/project\/openlane\/user_proj_example\/runs\/user_proj_example\/results\/synthesis\/user_proj_example.synthesis.v/} /project/openlane/user_proj_example/runs/user_proj_example/config.tcl"

Thu Oct 28 07:47:38 UTC 2021 - Executing "sed -i -e {s/\(set ::env(PREV_NETLIST)\).*/\1 0/} /project/openlane/user_proj_example/runs/user_proj_example/config.tcl"

Thu Oct 28 07:47:38 UTC 2021 - Executing "sed -i /defparam/d /project/openlane/user_proj_example/runs/user_proj_example/results/synthesis/user_proj_example.synthesis.v"

Thu Oct 28 07:47:38 UTC 2021 - Executing "openroad -exit /openLANE_flow/scripts/sta.tcl |& tee >&@stdout /project/openlane/user_proj_example/runs/user_proj_example/logs/synthesis/2-opensta"

Thu Oct 28 07:47:40 UTC 2021 - Executing "openroad -exit /openLANE_flow/scripts/openroad/or_floorplan.tcl |& tee >&@stdout /project/openlane/user_proj_example/runs/user_proj_example/logs/floorplan/3-verilog2def.openroad.log"

Thu Oct 28 07:47:41 UTC 2021 - Executing "openroad -python /openLANE_flow/scripts/io_place.py --input-lef /project/openlane/user_proj_example/runs/user_proj_example/tmp/merged.lef --input-def /project/openlane/user_proj_example/runs/user_proj_example/tmp/floorplan/3-verilog2def_openroad.def --config /project/openlane/user_proj_example/pin_order.cfg --hor-layer 4 --ver-layer 3 --ver-width-mult 2 --hor-width-mult 2 --hor-extension -1 --ver-extension -1 --length 4 -o /project/openlane/user_proj_example/runs/user_proj_example/tmp/floorplan/4-ioPlacer.def |& tee /project/openlane/user_proj_example/runs/user_proj_example/logs/floorplan/4-place_io_ol.log >&@stdout"

Thu Oct 28 07:47:42 UTC 2021 - Executing "openroad -exit /openLANE_flow/scripts/openroad/or_tapcell.tcl |& tee >&@stdout /project/openlane/user_proj_example/runs/user_proj_example/logs/floorplan/5-tapcell.log"

Thu Oct 28 07:47:43 UTC 2021 - Executing "openroad -exit /openLANE_flow/scripts/openroad/or_pdn.tcl |& tee >&@stdout /project/openlane/user_proj_example/runs/user_proj_example/logs/floorplan/7-pdn.log"

Thu Oct 28 07:47:46 UTC 2021 - Executing "openroad -exit /openLANE_flow/scripts/openroad/or_replace.tcl |& tee >&@stdout /project/openlane/user_proj_example/runs/user_proj_example/logs/placement/8-replace.log"

Thu Oct 28 07:47:48 UTC 2021 - Executing "openroad -exit /openLANE_flow/scripts/openroad/or_resizer.tcl |& tee >&@stdout /project/openlane/user_proj_example/runs/user_proj_example/logs/placement/8-resizer.log"

Thu Oct 28 07:47:50 UTC 2021 - Executing "openroad -exit /openLANE_flow/scripts/openroad/or_write_verilog.tcl |& tee >&@stdout /project/openlane/user_proj_example/runs/user_proj_example/logs/9-write_verilog.log"

Thu Oct 28 07:47:51 UTC 2021 - Executing "sed -i -e {s/\(set ::env(CURRENT_NETLIST)\).*/\1 \/project\/openlane\/user_proj_example\/runs\/user_proj_example\/results\/synthesis\/user_proj_example.synthesis_optimized.v/} /project/openlane/user_proj_example/runs/user_proj_example/config.tcl"

Thu Oct 28 07:47:51 UTC 2021 - Executing "sed -i -e {s/\(set ::env(PREV_NETLIST)\).*/\1 \/project\/openlane\/user_proj_example\/runs\/user_proj_example\/results\/synthesis\/user_proj_example.synthesis.v/} /project/openlane/user_proj_example/runs/user_proj_example/config.tcl"

Thu Oct 28 07:47:51 UTC 2021 - Executing "openroad -exit /openLANE_flow/scripts/sta.tcl |& tee >&@stdout /project/openlane/user_proj_example/runs/user_proj_example/logs/synthesis/10-opensta_post_resizer"

Thu Oct 28 07:47:53 UTC 2021 - Executing "openroad -exit /openLANE_flow/scripts/openroad/or_opendp.tcl |& tee >&@stdout /project/openlane/user_proj_example/runs/user_proj_example/logs/placement/11-opendp.log"

Thu Oct 28 07:47:55 UTC 2021 - Executing "/openLANE_flow/scripts/libtrim.pl /soft/ProgramFiles/caravel_user_project/openlane_caravel/pdks/sky130A/libs.ref/sky130_fd_sc_hd/lib/sky130_fd_sc_hd__tt_025C_1v80.lib /project/openlane/user_proj_example/runs/user_proj_example/tmp/cts.lib.exclude.list > /project/openlane/user_proj_example/runs/user_proj_example/tmp/cts.lib"

Thu Oct 28 07:47:55 UTC 2021 - Executing "openroad -exit /openLANE_flow/scripts/openroad/or_cts.tcl |& tee >&@stdout /project/openlane/user_proj_example/runs/user_proj_example/logs/cts/12-cts.log"

Thu Oct 28 07:49:12 UTC 2021 - Executing "openroad -exit /openLANE_flow/scripts/openroad/or_write_verilog.tcl |& tee >&@stdout /project/openlane/user_proj_example/runs/user_proj_example/logs/13-write_verilog.log"

Thu Oct 28 07:49:13 UTC 2021 - Executing "sed -i -e {s/\(set ::env(CURRENT_NETLIST)\).*/\1 \/project\/openlane\/user_proj_example\/runs\/user_proj_example\/results\/synthesis\/user_proj_example.synthesis_cts.v/} /project/openlane/user_proj_example/runs/user_proj_example/config.tcl"

Thu Oct 28 07:49:13 UTC 2021 - Executing "sed -i -e {s/\(set ::env(PREV_NETLIST)\).*/\1 \/project\/openlane\/user_proj_example\/runs\/user_proj_example\/results\/synthesis\/user_proj_example.synthesis_optimized.v/} /project/openlane/user_proj_example/runs/user_proj_example/config.tcl"

Thu Oct 28 07:49:13 UTC 2021 - Executing "openroad -exit /openLANE_flow/scripts/openroad/or_resizer_timing.tcl |& tee >&@stdout /project/openlane/user_proj_example/runs/user_proj_example/logs/placement/13-resizer_timing.log"

Thu Oct 28 07:49:15 UTC 2021 - Executing "openroad -exit /openLANE_flow/scripts/openroad/or_write_verilog.tcl |& tee >&@stdout /project/openlane/user_proj_example/runs/user_proj_example/logs/14-write_verilog.log"

Thu Oct 28 07:49:16 UTC 2021 - Executing "sed -i -e {s/\(set ::env(CURRENT_NETLIST)\).*/\1 \/project\/openlane\/user_proj_example\/runs\/user_proj_example\/results\/synthesis\/user_proj_example.synthesis_optimized.v/} /project/openlane/user_proj_example/runs/user_proj_example/config.tcl"

Thu Oct 28 07:49:16 UTC 2021 - Executing "sed -i -e {s/\(set ::env(PREV_NETLIST)\).*/\1 \/project\/openlane\/user_proj_example\/runs\/user_proj_example\/results\/synthesis\/user_proj_example.synthesis_cts.v/} /project/openlane/user_proj_example/runs/user_proj_example/config.tcl"

Thu Oct 28 07:49:16 UTC 2021 - Executing "openroad -exit /openLANE_flow/scripts/sta.tcl |& tee >&@stdout /project/openlane/user_proj_example/runs/user_proj_example/logs/synthesis/15-opensta_post_resizer_timing"

Thu Oct 28 07:49:18 UTC 2021 - Executing "openroad -exit /openLANE_flow/scripts/openroad/or_resizer_routing_timing.tcl |& tee >&@stdout /project/openlane/user_proj_example/runs/user_proj_example/logs/placement/15-resizer_timing.log"

Thu Oct 28 07:49:20 UTC 2021 - Executing "openroad -exit /openLANE_flow/scripts/openroad/or_write_verilog.tcl |& tee >&@stdout /project/openlane/user_proj_example/runs/user_proj_example/logs/16-write_verilog.log"

Thu Oct 28 07:49:22 UTC 2021 - Executing "sed -i -e {s/\(set ::env(CURRENT_NETLIST)\).*/\1 \/project\/openlane\/user_proj_example\/runs\/user_proj_example\/results\/synthesis\/user_proj_example.synthesis_optimized.v/} /project/openlane/user_proj_example/runs/user_proj_example/config.tcl"

Thu Oct 28 07:49:22 UTC 2021 - Executing "sed -i -e {s/\(set ::env(PREV_NETLIST)\).*/\1 \/project\/openlane\/user_proj_example\/runs\/user_proj_example\/results\/synthesis\/user_proj_example.synthesis_optimized.v/} /project/openlane/user_proj_example/runs/user_proj_example/config.tcl"

Thu Oct 28 07:49:22 UTC 2021 - Executing "openroad -exit /openLANE_flow/scripts/sta.tcl |& tee >&@stdout /project/openlane/user_proj_example/runs/user_proj_example/logs/synthesis/17-opensta_post_resizer_routing_timing"

Thu Oct 28 07:49:24 UTC 2021 - Executing "openroad -python /openLANE_flow/scripts/place_diodes.py -l /project/openlane/user_proj_example/runs/user_proj_example/tmp/merged.lef -id /project/openlane/user_proj_example/runs/user_proj_example/tmp/placement/15-resizer_timing.def -o /project/openlane/user_proj_example/runs/user_proj_example/tmp/placement/18-diodes.def --diode-cell sky130_fd_sc_hd__diode_2 --diode-pin DIODE --fake-diode-cell sky130_fd_sc_hd__diode_2 |& tee >&@stdout /project/openlane/user_proj_example/runs/user_proj_example/logs/placement/18-diodes.log"

Thu Oct 28 07:49:25 UTC 2021 - Executing "openroad -exit /openLANE_flow/scripts/openroad/or_opendp.tcl |& tee >&@stdout /project/openlane/user_proj_example/runs/user_proj_example/logs/placement/19-opendp.log"

Thu Oct 28 07:49:27 UTC 2021 - Executing "openroad -exit /openLANE_flow/scripts/openroad/or_write_verilog.tcl |& tee >&@stdout /project/openlane/user_proj_example/runs/user_proj_example/logs/20-write_verilog.log"

Thu Oct 28 07:49:28 UTC 2021 - Executing "sed -i -e {s/\(set ::env(CURRENT_NETLIST)\).*/\1 \/project\/openlane\/user_proj_example\/runs\/user_proj_example\/results\/synthesis\/user_proj_example.synthesis_diodes.v/} /project/openlane/user_proj_example/runs/user_proj_example/config.tcl"

Thu Oct 28 07:49:28 UTC 2021 - Executing "sed -i -e {s/\(set ::env(PREV_NETLIST)\).*/\1 \/project\/openlane\/user_proj_example\/runs\/user_proj_example\/results\/synthesis\/user_proj_example.synthesis_optimized.v/} /project/openlane/user_proj_example/runs/user_proj_example/config.tcl"

Thu Oct 28 07:49:28 UTC 2021 - Executing "openroad -exit /openLANE_flow/scripts/openroad/or_fill.tcl |& tee >&@stdout /project/openlane/user_proj_example/runs/user_proj_example/logs/routing/21-addspacers.log"

Thu Oct 28 07:49:30 UTC 2021 - Executing "openroad -python /openLANE_flow/scripts/add_def_obstructions.py --input-def /project/openlane/user_proj_example/runs/user_proj_example/tmp/routing/21-addspacers.def --lef /project/openlane/user_proj_example/runs/user_proj_example/tmp/merged.lef --obstructions {met5 0 0 900 600} --output /project/openlane/user_proj_example/runs/user_proj_example/tmp/routing/21-addspacers.obs.def |& tee >&@stdout /project/openlane/user_proj_example/runs/user_proj_example/logs/obs.log"

Thu Oct 28 07:49:31 UTC 2021 - Executing "openroad -exit /openLANE_flow/scripts/openroad/or_groute.tcl |& tee >&@stdout /project/openlane/user_proj_example/runs/user_proj_example/logs/routing/22-fastroute.log"

Thu Oct 28 07:49:34 UTC 2021 - Executing "openroad -exit /openLANE_flow/scripts/openroad/or_write_verilog.tcl |& tee >&@stdout /project/openlane/user_proj_example/runs/user_proj_example/logs/23-write_verilog.log"

Thu Oct 28 07:49:36 UTC 2021 - Executing "sed -i -e {s/\(set ::env(CURRENT_NETLIST)\).*/\1 \/project\/openlane\/user_proj_example\/runs\/user_proj_example\/results\/synthesis\/user_proj_example.synthesis_preroute.v/} /project/openlane/user_proj_example/runs/user_proj_example/config.tcl"

Thu Oct 28 07:49:36 UTC 2021 - Executing "sed -i -e {s/\(set ::env(PREV_NETLIST)\).*/\1 \/project\/openlane\/user_proj_example\/runs\/user_proj_example\/results\/synthesis\/user_proj_example.synthesis_diodes.v/} /project/openlane/user_proj_example/runs/user_proj_example/config.tcl"

Thu Oct 28 07:49:36 UTC 2021 - Executing "openroad -exit /openLANE_flow/scripts/openroad/or_droute.tcl |& tee >&@stdout /project/openlane/user_proj_example/runs/user_proj_example/logs/routing/24-tritonRoute.log"

Thu Oct 28 07:50:13 UTC 2021 - Executing "openroad -python /openLANE_flow/scripts/tr2klayout.py -i /project/openlane/user_proj_example/runs/user_proj_example/reports/routing/24-tritonRoute.drc -o /project/openlane/user_proj_example/runs/user_proj_example/reports/routing/24-tritonRoute.klayout.xml --design-name user_proj_example"

Thu Oct 28 07:50:14 UTC 2021 - Executing "openroad -exit /openLANE_flow/scripts/openroad/or_rcx.tcl |& tee >&@stdout /project/openlane/user_proj_example/runs/user_proj_example/logs/routing/25-spef_extraction.log"

Thu Oct 28 07:50:16 UTC 2021 - Executing "openroad -exit /openLANE_flow/scripts/sta.tcl |& tee >&@stdout /project/openlane/user_proj_example/runs/user_proj_example/logs/synthesis/26-opensta_spef"

Thu Oct 28 07:50:19 UTC 2021 - Executing "openroad -python /openLANE_flow/scripts/write_powered_def.py -d /project/openlane/user_proj_example/runs/user_proj_example/results/routing/23-user_proj_example.def -l /project/openlane/user_proj_example/runs/user_proj_example/tmp/merged.lef --power-port vccd1 --ground-port vssd1 --powered-netlist {} -o /project/openlane/user_proj_example/runs/user_proj_example/tmp/routing/27-user_proj_example.powered.def |& tee >&@stdout /project/openlane/user_proj_example/runs/user_proj_example/logs/lvs/27-write_powered_verilog.log"

Thu Oct 28 07:50:21 UTC 2021 - Executing "openroad -exit /openLANE_flow/scripts/openroad/or_write_verilog.tcl |& tee >&@stdout /project/openlane/user_proj_example/runs/user_proj_example/logs/28-write_verilog.log"

Thu Oct 28 07:50:22 UTC 2021 - Executing "sed -i -e {s/\(set ::env(CURRENT_NETLIST)\).*/\1 \/project\/openlane\/user_proj_example\/runs\/user_proj_example\/results\/lvs\/user_proj_example.lvs.powered.v/} /project/openlane/user_proj_example/runs/user_proj_example/config.tcl"

Thu Oct 28 07:50:22 UTC 2021 - Executing "sed -i -e {s/\(set ::env(PREV_NETLIST)\).*/\1 \/project\/openlane\/user_proj_example\/runs\/user_proj_example\/results\/synthesis\/user_proj_example.synthesis_preroute.v/} /project/openlane/user_proj_example/runs/user_proj_example/config.tcl"

Thu Oct 28 07:50:22 UTC 2021 - Executing "magic -noconsole -dnull -rcfile /soft/ProgramFiles/caravel_user_project/openlane_caravel/pdks/sky130A/libs.tech/magic/sky130A.magicrc /openLANE_flow/scripts/magic/mag_gds.tcl </dev/null |& tee >&@stdout /project/openlane/user_proj_example/runs/user_proj_example/logs/magic/29-magic.log"

Thu Oct 28 07:50:24 UTC 2021 - Executing "magic -noconsole -dnull -rcfile /soft/ProgramFiles/caravel_user_project/openlane_caravel/pdks/sky130A/libs.tech/magic/sky130A.magicrc /openLANE_flow/scripts/magic/gds_pointers.tcl </dev/null |& tee >&@stdout /project/openlane/user_proj_example/runs/user_proj_example/logs/magic/30-magic.mag.gds_ptrs.log"

Thu Oct 28 07:50:25 UTC 2021 - Executing "sed -i -n {/^<< properties >>/,/^<< end >>/p} /project/openlane/user_proj_example/runs/user_proj_example/tmp/magic/magic_gds_ptrs.mag"

Thu Oct 28 07:50:25 UTC 2021 - Executing "magic -noconsole -dnull -rcfile /soft/ProgramFiles/caravel_user_project/openlane_caravel/pdks/sky130A/libs.tech/magic/sky130A.magicrc /openLANE_flow/scripts/magic/lef.tcl </dev/null |& tee >&@stdout /project/openlane/user_proj_example/runs/user_proj_example/logs/magic/31-magic.lef.log"

Thu Oct 28 07:50:38 UTC 2021 - Executing "magic -noconsole -dnull -rcfile /soft/ProgramFiles/caravel_user_project/openlane_caravel/pdks/sky130A/libs.tech/magic/sky130A.magicrc /openLANE_flow/scripts/magic/maglef.tcl </dev/null |& tee >&@stdout /project/openlane/user_proj_example/runs/user_proj_example/logs/magic/32-magic.maglef.log"

Thu Oct 28 07:50:38 UTC 2021 - Executing "bash /openLANE_flow/scripts/klayout/def2gds.sh /soft/ProgramFiles/caravel_user_project/openlane_caravel/pdks/sky130A/libs.tech/klayout/sky130A.lyt /project/openlane/user_proj_example/runs/user_proj_example/results/routing/23-user_proj_example.def user_proj_example /project/openlane/user_proj_example/runs/user_proj_example/results/klayout/user_proj_example.gds {/soft/ProgramFiles/caravel_user_project/openlane_caravel/pdks/sky130A/libs.ref/sky130_fd_sc_hd/gds/sky130_ef_sc_hd__fill_12.gds /soft/ProgramFiles/caravel_user_project/openlane_caravel/pdks/sky130A/libs.ref/sky130_fd_sc_hd/gds/sky130_ef_sc_hd__fill_8.gds /soft/ProgramFiles/caravel_user_project/openlane_caravel/pdks/sky130A/libs.ref/sky130_fd_sc_hd/gds/sky130_fd_sc_hd.gds /soft/ProgramFiles/caravel_user_project/openlane_caravel/pdks/sky130A/libs.ref/sky130_fd_sc_hd/gds/sky130_ef_sc_hd__fakediode_2.gds /soft/ProgramFiles/caravel_user_project/openlane_caravel/pdks/sky130A/libs.ref/sky130_fd_sc_hd/gds/sky130_ef_sc_hd__decap_12.gds /soft/ProgramFiles/caravel_user_project/openlane_caravel/pdks/sky130A/libs.ref/sky130_fd_sc_hd/gds/sky130_ef_sc_hd__fill_4.gds } |& tee >&@stdout /project/openlane/user_proj_example/runs/user_proj_example/logs/klayout/33-klayout.log"

Thu Oct 28 07:50:39 UTC 2021 - Executing "bash /openLANE_flow/scripts/klayout/xor.sh /project/openlane/user_proj_example/runs/user_proj_example/results/magic/user_proj_example.gds /project/openlane/user_proj_example/runs/user_proj_example/results/klayout/user_proj_example.gds user_proj_example /project/openlane/user_proj_example/runs/user_proj_example/results/klayout/user_proj_example.xor.gds |& tee >&@stdout /project/openlane/user_proj_example/runs/user_proj_example/logs/klayout/34-klayout.xor.log"

Thu Oct 28 07:50:56 UTC 2021 - Executing "openroad -python /openLANE_flow/scripts/parse_klayout_xor_log.py -l /project/openlane/user_proj_example/runs/user_proj_example/logs/klayout/34-klayout.xor.log -o /project/openlane/user_proj_example/runs/user_proj_example/reports/klayout/34-klayout.xor.rpt"

Thu Oct 28 07:50:57 UTC 2021 - Executing "bash /openLANE_flow/scripts/klayout/xor.sh /project/openlane/user_proj_example/runs/user_proj_example/results/magic/user_proj_example.gds /project/openlane/user_proj_example/runs/user_proj_example/results/klayout/user_proj_example.gds user_proj_example /project/openlane/user_proj_example/runs/user_proj_example/results/klayout/user_proj_example.xor.xml |& tee >&@stdout /project/openlane/user_proj_example/runs/user_proj_example/logs/klayout/35-klayout.xor.log"

Thu Oct 28 07:51:15 UTC 2021 - Executing "openroad -python /openLANE_flow/scripts/parse_klayout_xor_log.py -l /project/openlane/user_proj_example/runs/user_proj_example/logs/klayout/35-klayout.xor.log -o /project/openlane/user_proj_example/runs/user_proj_example/reports/klayout/35-klayout.xor.rpt"

Thu Oct 28 07:51:16 UTC 2021 - Executing "magic -noconsole -dnull -rcfile /soft/ProgramFiles/caravel_user_project/openlane_caravel/pdks/sky130A/libs.tech/magic/sky130A.magicrc /project/openlane/user_proj_example/runs/user_proj_example/tmp/magic_spice.tcl </dev/null |& tee >&@stdout /project/openlane/user_proj_example/runs/user_proj_example/logs/magic/36-magic_spice.log"

Thu Oct 28 07:51:33 UTC 2021 - Executing "netgen -batch source /project/openlane/user_proj_example/runs/user_proj_example/tmp/lvs/setup_file.lef.lvs |& tee >&@stdout /project/openlane/user_proj_example/runs/user_proj_example/logs/lvs/37-lvs.lef.log"

Thu Oct 28 07:51:50 UTC 2021 - Executing "magic -noconsole -dnull -rcfile /soft/ProgramFiles/caravel_user_project/openlane_caravel/pdks/sky130A/libs.tech/magic/sky130A.magicrc /openLANE_flow/scripts/magic/drc.tcl </dev/null |& tee >&@stdout /project/openlane/user_proj_example/runs/user_proj_example/logs/magic/38-magic.drc.log"

Thu Oct 28 07:52:50 UTC 2021 - Executing "openroad -python /openLANE_flow/scripts/magic_drc_to_tcl.py -i /project/openlane/user_proj_example/runs/user_proj_example/reports/magic/38-magic.drc -o /project/openlane/user_proj_example/runs/user_proj_example/reports/magic/38-magic.drc.tcl"

Thu Oct 28 07:52:51 UTC 2021 - Executing "openroad -python /openLANE_flow/scripts/magic_drc_to_tr_drc.py -i /project/openlane/user_proj_example/runs/user_proj_example/reports/magic/38-magic.drc -o /project/openlane/user_proj_example/runs/user_proj_example/reports/magic/38-magic.tr.drc"

Thu Oct 28 07:52:52 UTC 2021 - Executing "openroad -python /openLANE_flow/scripts/tr2klayout.py -i /project/openlane/user_proj_example/runs/user_proj_example/reports/magic/38-magic.tr.drc -o /project/openlane/user_proj_example/runs/user_proj_example/reports/magic/38-magic.drc.klayout.xml --design-name user_proj_example"

Thu Oct 28 07:52:53 UTC 2021 - Executing "openroad -python /openLANE_flow/scripts/magic_drc_to_rdb.py --magic_drc_in /project/openlane/user_proj_example/runs/user_proj_example/reports/magic/38-magic.drc --rdb_out /project/openlane/user_proj_example/runs/user_proj_example/reports/magic/38-magic.drc.rdb"

Thu Oct 28 07:52:54 UTC 2021 - Executing "openroad -exit /openLANE_flow/scripts/openroad/or_antenna_check.tcl |& tee >&@stdout /project/openlane/user_proj_example/runs/user_proj_example/logs/routing/39-or_antenna.log"

Thu Oct 28 07:52:55 UTC 2021 - Executing "mv -f /project/openlane/user_proj_example/runs/user_proj_example/reports/routing/antenna.rpt /project/openlane/user_proj_example/runs/user_proj_example/reports/routing/40-antenna.rpt"

Thu Oct 28 07:52:55 UTC 2021 - Executing "awk { BEGIN {  # Print power and standard_input definitions
    print "vccd1 power 1.8";
    print "vssd1 power 0.0";
    print "#define std_input min@vssd1 max@vccd1";
}
$1 == "input" {  # Print input nets
    gsub(/;/, "");
    if ( $2 == "vccd1" || $2 == "vssd1" ) {  # ignore power nets
        next;
    }
    if ( NF == 3 ) {  # print buses as net[range]
        $2 = $3 $2;
    }
    print $2, "input std_input";
}} /project/openlane/user_proj_example/runs/user_proj_example/results/lvs/user_proj_example.lvs.powered.v > /project/openlane/user_proj_example/runs/user_proj_example/results/cvc/user_proj_example.power"

Thu Oct 28 07:52:55 UTC 2021 - Executing "awk { /Black-box entry subcircuit/ {  # remove black-box defintions
    while ( $1 != ".ends" ) {
        getline;
    }
    getline;
}
/^\*/ {  # remove comments
    next;
}
/^.ENDS .*/ {  # remove name from ends lines
    print $1;
    next;
}
 {
    print $0;
}} /soft/ProgramFiles/caravel_user_project/openlane_caravel/pdks/sky130A/libs.ref/sky130_fd_sc_hd/cdl/sky130_fd_sc_hd.cdl /project/openlane/user_proj_example/runs/user_proj_example/results/magic/user_proj_example.lef.spice > /project/openlane/user_proj_example/runs/user_proj_example/results/cvc/user_proj_example.cdl"

Thu Oct 28 07:52:56 UTC 2021 - Executing "cvc /openLANE_flow/scripts/cvc/sky130A/cvcrc.sky130A |& tee >&@stdout /project/openlane/user_proj_example/runs/user_proj_example/logs/cvc/41-cvc_screen.log"

Thu Oct 28 07:52:56 UTC 2021 - Executing "openroad -python /openLANE_flow/generate_reports.py -d /project/openlane/user_proj_example --design_name user_proj_example --tag user_proj_example --output_file /project/openlane/user_proj_example/runs/user_proj_example/reports/final_summary_report.csv --man_report /project/openlane/user_proj_example/runs/user_proj_example/reports/manufacturability_report.rpt --runtime_summary /project/openlane/user_proj_example/runs/user_proj_example/reports/runtime_summary_report.rpt --run_path /project/openlane/user_proj_example/runs/user_proj_example"

