OpenROAD 1 fb8ae93b6c7a5eb0e6fac83360a8a48d76c41885
This program is licensed under the BSD-3 license. See the LICENSE file for details.
Components of this program may be licensed under more restrictive licenses which must be honored.
[INFO ODB-0222] Reading LEF file: /project/openlane/user_proj_example/runs/user_proj_example/tmp/merged_unpadded.lef
[WARNING ODB-0220] WARNING (LEFPARS-2036): SOURCE statement is obsolete in version 5.6 and later.
The LEF parser will ignore this statement.
To avoid this warning in the future, remove this statement from the LEF file with version 5.6 or later. See file /project/openlane/user_proj_example/runs/user_proj_example/tmp/merged_unpadded.lef at line 68110.

[INFO ODB-0223]     Created 13 technology layers
[INFO ODB-0224]     Created 25 technology vias
[INFO ODB-0225]     Created 441 library cells
[INFO ODB-0226] Finished LEF file:  /project/openlane/user_proj_example/runs/user_proj_example/tmp/merged_unpadded.lef
[INFO ODB-0127] Reading DEF file: /project/openlane/user_proj_example/runs/user_proj_example/tmp/floorplan/4-ioPlacer.def
[INFO ODB-0128] Design: user_proj_example
[INFO ODB-0130]     Created 607 pins.
[INFO ODB-0131]     Created 428 components and 2835 component-terminals.
[INFO ODB-0133]     Created 795 nets and 911 connections.
[INFO ODB-0134] Finished DEF file: /project/openlane/user_proj_example/runs/user_proj_example/tmp/floorplan/4-ioPlacer.def
[WARNING TAP-0014] endcap_cpp option is deprecated.
[INFO TAP-0001] Found 0 macro blocks.
[INFO TAP-0002] Original rows: 212
[INFO TAP-0003] Created 0 rows for a total of 212 rows.
[INFO TAP-0004] Inserted 424 endcaps.
[INFO TAP-0005] Inserted 7276 tapcells.
